<?xml version="1.0" encoding="UTF-8"?>
<!-- Generated by org.testng.reporters.JUnitReportReporter -->
<testsuite hostname="DESKTOP-78NQA47" failures="0" tests="2" name="day43Dataprovider.Dataproviderdemo" time="0.016" errors="0" timestamp="2023-12-18T09:05:06 IST" skipped="0">
  <testcase classname="day43Dataprovider.Dataproviderdemo" name="logintest" time="0.004"/>
  <system-out/>
  <testcase classname="day43Dataprovider.Dataproviderdemo" name="logintest" time="0.012"/>
  <system-out/>
</testsuite> <!-- day43Dataprovider.Dataproviderdemo -->
