<?xml version="1.0" encoding="UTF-8"?>
<!-- Generated by org.testng.reporters.JUnitReportReporter -->
<testsuite hostname="DESKTOP-78NQA47" failures="0" tests="5" name="day40.Readdatfromexcel2" time="0.074" errors="0" timestamp="2023-12-12T09:09:32 IST" skipped="0">
  <testcase classname="day40.Readdatfromexcel2" name="login" time="0.007"/>
  <system-out/>
  <testcase classname="day40.Readdatfromexcel2" name="login" time="0.005"/>
  <system-out/>
  <testcase classname="day40.Readdatfromexcel2" name="login" time="0.006"/>
  <system-out/>
  <testcase classname="day40.Readdatfromexcel2" name="login" time="0.007"/>
  <system-out/>
  <testcase classname="day40.Readdatfromexcel2" name="login" time="0.049"/>
  <system-out/>
</testsuite> <!-- day40.Readdatfromexcel2 -->
