<?xml version="1.0" encoding="UTF-8"?>
<!-- Generated by org.testng.reporters.JUnitReportReporter -->
<testsuite hostname="DESKTOP-78NQA47" failures="0" tests="1" name="day39.Assertiondemo" time="0.019" errors="0" timestamp="2023-11-21T08:56:47 IST" skipped="0">
  <testcase classname="day39.Assertiondemo" name="test" time="0.019"/>
  <system-out/>
</testsuite> <!-- day39.Assertiondemo -->
