<?xml version="1.0" encoding="UTF-8"?>
<!-- Generated by org.testng.reporters.JUnitReportReporter -->
<testsuite hostname="DESKTOP-78NQA47" failures="0" tests="1" name="day37.Firsttestngdemo" time="0.023" errors="0" timestamp="2023-11-18T11:11:39 IST" skipped="0">
  <testcase classname="day37.Firsttestngdemo" name="openApp" time="0.023"/>
  <system-out/>
</testsuite> <!-- day37.Firsttestngdemo -->
