<?xml version="1.0" encoding="UTF-8"?>
<!-- Generated by org.testng.reporters.JUnitReportReporter -->
<testsuite hostname="DESKTOP-78NQA47" failures="0" tests="1" name="day39.pack.Login2" time="0.005" errors="0" timestamp="2023-11-21T09:09:44 IST" skipped="0">
  <testcase classname="day39.pack.Login2" name="login2ByGmail" time="0.005"/>
  <system-out/>
</testsuite> <!-- day39.pack.Login2 -->
