<?xml version="1.0" encoding="UTF-8"?>
<!-- Generated by org.testng.reporters.JUnitReportReporter -->
<testsuite hostname="DESKTOP-78NQA47" failures="0" tests="1" name="day39.Parameterdemo" time="0.015" errors="0" timestamp="2023-11-21T09:29:28 IST" skipped="0">
  <testcase classname="day39.Parameterdemo" name="loginByGmail" time="0.015"/>
  <system-out/>
</testsuite> <!-- day39.Parameterdemo -->
