<?xml version="1.0" encoding="UTF-8"?>
<!-- Generated by org.testng.reporters.JUnitReportReporter -->
<testsuite hostname="DESKTOP-78NQA47" failures="0" tests="4" name="day38.pack.Tc02" time="0.023" errors="0" timestamp="2023-11-18T12:06:51 IST" skipped="0">
  <testcase classname="day38.pack.Tc02" name="testLogin4" time="0.004"/>
  <system-out/>
  <testcase classname="day38.pack.Tc02" name="testLogin3" time="0.004"/>
  <system-out/>
  <testcase classname="day38.pack.Tc02" name="testLogin3" time="0.011"/>
  <system-out/>
  <testcase classname="day38.pack.Tc02" name="testLogin4" time="0.004"/>
  <system-out/>
</testsuite> <!-- day38.pack.Tc02 -->
