<?xml version="1.0" encoding="UTF-8"?>
<!-- Generated by org.testng.reporters.JUnitReportReporter -->
<testsuite hostname="DESKTOP-78NQA47" failures="0" tests="4" name="day38.pack.Tc01" time="0.024" errors="0" timestamp="2023-11-18T12:06:51 IST" skipped="2">
  <testcase classname="day38.pack.Tc01" name="testLogin2" time="0.019"/>
  <system-out/>
  <testcase classname="day38.pack.Tc01" name="testLogin2" time="0.005"/>
  <system-out/>
  <testcase classname="day38.pack.Tc01" name="testLogin1">
    <skipped/>
  </testcase> <!-- testLogin1 -->
  <system-out/>
  <testcase classname="day38.pack.Tc01" name="testLogin1">
    <skipped/>
  </testcase> <!-- testLogin1 -->
  <system-out/>
</testsuite> <!-- day38.pack.Tc01 -->
