<?xml version="1.0" encoding="UTF-8"?>
<!-- Generated by org.testng.reporters.JUnitReportReporter -->
<testsuite hostname="DESKTOP-78NQA47" failures="0" tests="1" name="day42.LoginTest" time="2.011" errors="0" timestamp="2023-12-04T09:28:12 IST" skipped="0">
  <testcase classname="day42.LoginTest" name="loginTest" time="2.011"/>
  <system-out/>
</testsuite> <!-- day42.LoginTest -->
