<?xml version="1.0" encoding="UTF-8"?>
<!-- Generated by org.testng.reporters.JUnitReportReporter -->
<testsuite hostname="DESKTOP-78NQA47" failures="0" tests="3" name="day37.Secongtestngdemo2" time="0.025" errors="0" timestamp="2023-11-17T09:23:23 IST" skipped="0">
  <testcase classname="day37.Secongtestngdemo2" name="openApp" time="0.019"/>
  <system-out/>
  <testcase classname="day37.Secongtestngdemo2" name="testLogin" time="0.003"/>
  <system-out/>
  <testcase classname="day37.Secongtestngdemo2" name="closeApp" time="0.003"/>
  <system-out/>
</testsuite> <!-- day37.Secongtestngdemo2 -->
