<?xml version="1.0" encoding="UTF-8"?>
<!-- Generated by org.testng.reporters.JUnitReportReporter -->
<testsuite hostname="DESKTOP-78NQA47" failures="0" tests="1" name="day38.pack.Tc03" time="0.003" errors="0" timestamp="2023-11-18T11:58:07 IST" skipped="0">
  <testcase classname="day38.pack.Tc03" name="hello" time="0.003"/>
  <system-out/>
</testsuite> <!-- day38.pack.Tc03 -->
