<?xml version="1.0" encoding="UTF-8"?>
<!-- Generated by org.testng.reporters.JUnitReportReporter -->
<testsuite hostname="DESKTOP-78NQA47" failures="0" tests="1" name="day39.Hardassertion" time="0.016" errors="0" timestamp="2023-11-21T08:28:05 IST" skipped="0">
  <testcase classname="day39.Hardassertion" name="test" time="0.016"/>
  <system-out/>
</testsuite> <!-- day39.Hardassertion -->
