<?xml version="1.0" encoding="UTF-8"?>
<!-- Generated by org.testng.reporters.JUnitReportReporter -->
<testsuite hostname="DESKTOP-78NQA47" failures="0" tests="1" name="day39.pack.Signup" time="0.003" errors="0" timestamp="2023-11-21T09:09:44 IST" skipped="0">
  <testcase classname="day39.pack.Signup" name="signupByGmail" time="0.003"/>
  <system-out/>
</testsuite> <!-- day39.pack.Signup -->
