<?xml version="1.0" encoding="UTF-8"?>
<!-- Generated by org.testng.reporters.JUnitReportReporter -->
<testsuite hostname="DESKTOP-78NQA47" failures="0" tests="3" name="day38.Annotationsdemo3" time="0.024" errors="0" timestamp="2023-11-18T11:46:28 IST" skipped="0">
  <testcase classname="day38.Annotationsdemo3" name="testLogin2" time="0.008"/>
  <system-out/>
  <testcase classname="day38.Annotationsdemo3" name="testLogin0" time="0.007"/>
  <system-out/>
  <testcase classname="day38.Annotationsdemo3" name="testLogin1" time="0.009"/>
  <system-out/>
</testsuite> <!-- day38.Annotationsdemo3 -->
