<?xml version="1.0" encoding="UTF-8"?>
<!-- Generated by org.testng.reporters.JUnitReportReporter -->
<testsuite hostname="DESKTOP-78NQA47" failures="0" tests="1" name="day38.Annotationsdemo" time="0.025" errors="0" timestamp="2023-11-18T12:12:44 IST" skipped="0">
  <testcase classname="day38.Annotationsdemo" name="testLogin2" time="0.025"/>
  <system-out/>
</testsuite> <!-- day38.Annotationsdemo -->
