<?xml version="1.0" encoding="UTF-8"?>
<!-- Generated by org.testng.reporters.JUnitReportReporter -->
<testsuite hostname="DESKTOP-78NQA47" failures="0" tests="3" name="day38.Annotationsdemo2" time="0.017" errors="0" timestamp="2023-11-18T11:46:28 IST" skipped="0">
  <testcase classname="day38.Annotationsdemo2" name="testLogin2" time="0.005"/>
  <system-out/>
  <testcase classname="day38.Annotationsdemo2" name="testLogin0" time="0.008"/>
  <system-out/>
  <testcase classname="day38.Annotationsdemo2" name="testLogin1" time="0.004"/>
  <system-out/>
</testsuite> <!-- day38.Annotationsdemo2 -->
